[31m[Nest] 24452  - [39m2026/06/07 11:11:29 [31m  ERROR[39m [38;5;3m[NestApplication] [39m[31mError: listen EADDRINUSE: address already in use :::3000[39m[38;5;3m +2ms[39m
node:net:1937
    const ex = new UVExceptionWithHostPort(err, 'listen', address, port);
               ^

Error: listen EADDRINUSE: address already in use :::3000
    at Server.setupListenHandle [as _listen2] (node:net:1937:16)
    at listenInCluster (node:net:1994:12)
    at Server.listen (node:net:2099:7)
    at ExpressAdapter.listen (D:\Trae\ai-meeting-backend\node_modules\@nestjs\platform-express\adapters\express-adapter.js:115:32)
    at D:\Trae\ai-meeting-backend\node_modules\@nestjs\core\nest-application.js:190:30
    at new Promise (<anonymous>)
    at NestApplication.listen (D:\Trae\ai-meeting-backend\node_modules\@nestjs\core\nest-application.js:180:16)
    at async bootstrap (D:\Trae\ai-meeting-backend\dist\src\main.js:14:5) {
  code: 'EADDRINUSE',
  errno: -4091,
  syscall: 'listen',
  address: '::',
  port: 3000
}

Node.js v22.14.0
